#-----------------------------------------------------------
# Vivado v2024.1 (64-bit)
# SW Build 5076996 on Wed May 22 18:36:09 MDT 2024
# IP Build 5075265 on Wed May 22 21:45:21 MDT 2024
# SharedData Build 5076995 on Wed May 22 18:29:18 MDT 2024
# Start of session at: Tue Oct  1 22:55:11 2024
# Process ID: 2153664
# Current directory: /home/sg05060/VPU_Design/VPU/RTL/Header
# Command line: vivado -mode tcl -source /home/sg05060/VPU_Design/sim.tcl
# Log file: /home/sg05060/VPU_Design/VPU/RTL/Header/vivado.log
# Journal file: /home/sg05060/VPU_Design/VPU/RTL/Header/vivado.jou
# Running On        :SALfpga
# Platform          :Ubuntu
# Operating System  :Ubuntu 20.04.6 LTS
# Processor Detail  :AMD Ryzen 9 3900X 12-Core Processor
# CPU Frequency     :2195.260 MHz
# CPU Physical cores:12
# CPU Logical cores :24
# Host memory       :135006 MB
# Swap memory       :2147 MB
# Total Virtual     :137153 MB
# Available Virtual :128444 MB
#-----------------------------------------------------------
source /home/sg05060/VPU_Design/sim.tcl
# global env_map
# proc get_filename_arr {filelists env} {
#     global search_path
#     global defines 
#     set results {}
# 
#     foreach filelist $filelists {
#         set fp [open $filelist r]
#         set lines [split [read $fp] "\n"]
#         foreach line $lines {
#             set line2 [string map $env $line]
#             if {[string first "+incdir" $line] != -1} {
#                 # incdir
#                 set words [split $line2 "+"]
#                 set inc_path [lindex $words 2]
#                 lappend search_path $inc_path
#             } elseif {[string first "+define" $line] != -1} {
#                 # define
#                 set words [split $line2 "+"]
#                 lappend defines [lindex $words 2]
#             } elseif {[string first ".sv" $line2] != -1} {
#                 # SystemVerilog
#                 lappend results $line2
#             } elseif {[string first ".v" $line2] != -1} {
#                 # Verilog
#                 lappend results $line2
#             }
#         }
#     }
#     return $results
# }
# create_project -force sim $env(VPU_HOME)/vivado/sim_project -part xcvh1582-vsva3697-2MP-e-S
create_project: Time (s): cpu = 00:00:06 ; elapsed = 00:00:06 . Memory (MB): peak = 1427.801 ; gain = 19.867 ; free physical = 19591 ; free virtual = 122121
# set_property board_part xilinx.com:vhk158:part0:1.1 [current_project]
# set env_map {}
# lappend env_map "\${VPU_HOME}"         $env(VPU_HOME)
# lappend env_map "\${VPU_SIM_HOME}"     $env(VPU_HOME)/SIM2
# set design_filelists "$env(VPU_HOME)/RTL/filelist.f"
# set sim_filelists "$env(VPU_HOME)/SIM2/TB/filelist.f"
# add_files -fileset sources_1 [get_filename_arr $design_filelists $env_map]
# update_compile_order -fileset sources_1
# add_files -fileset sim_1 [get_filename_arr $sim_filelists $env_map]
# update_compile_order -fileset sim_1 
# set_property SOURCE_SET sources_1 [get_filesets sim_1]
# set_property include_dirs $search_path [get_filesets sim_1]
# set_property top VPU_TOP_TB [get_filesets sim_1]
# set_property -name {xsim.compile.xvlog.more_options} -value {-L uvm} -objects [get_filesets sim_1]
# set_property -name {xsim.elaborate.xelab.more_options} -value {-L uvm} -objects [get_filesets sim_1]
# set_property -name {xsim.elaborate.xelab.more_options} -value {-L uvm} -objects [get_filesets sim_1]
# set_property -name {xsim.run.time} -value {10000ns} -objects [get_filesets sim_1]
# launch_simulation
Command: launch_simulation 
INFO: [Vivado 12-12493] Simulation top is 'VPU_TOP_TB'
INFO: [Vivado 12-13303] Checking logical NoC and simulation wrapper generation status...
INFO: [Vivado 12-5682] Launching behavioral simulation in '/home/sg05060/VPU_Design/VPU/vivado/sim_project/sim.sim/sim_1/behav/xsim'
INFO: [SIM-utils-51] Simulation object is 'sim_1'
INFO: [SIM-utils-72] Using boost library from '/tools/Xilinx/Vivado/2024.1/tps/boost_1_72_0'
INFO: [SIM-utils-54] Inspecting design source files for 'VPU_TOP_TB' in fileset 'sim_1'...
INFO: [USF-XSim-97] Finding global include files...
INFO: [USF-XSim-98] Fetching design files from 'sim_1'...
INFO: [USF-XSim-2] XSim::Compile design
INFO: [USF-XSim-61] Executing 'COMPILE and ANALYZE' step in '/home/sg05060/VPU_Design/VPU/vivado/sim_project/sim.sim/sim_1/behav/xsim'
xvlog --incr --relax -L uvm -L uvm -prj VPU_TOP_TB_vlog.prj
INFO: [VRFC 10-2263] Analyzing SystemVerilog file "/home/sg05060/VPU_Design/VPU/RTL/ALU/Float/FP_ADD_SUB.sv" into library xil_defaultlib
INFO: [VRFC 10-311] analyzing module FP_ADD_SUB
INFO: [VRFC 10-2263] Analyzing SystemVerilog file "/home/sg05060/VPU_Design/VPU/RTL/ALU/Float/FP_MUL.sv" into library xil_defaultlib
INFO: [VRFC 10-311] analyzing module FP_MUL
INFO: [VRFC 10-2263] Analyzing SystemVerilog file "/home/sg05060/VPU_Design/VPU/RTL/VPU_CNTR.sv" into library xil_defaultlib
INFO: [VRFC 10-311] analyzing module VPU_CNTR
INFO: [VRFC 10-2263] Analyzing SystemVerilog file "/home/sg05060/VPU_Design/VPU/RTL/VPU_CONTROLLER.sv" into library xil_defaultlib
INFO: [VRFC 10-311] analyzing module VPU_CONTROLLER
INFO: [VRFC 10-2263] Analyzing SystemVerilog file "/home/sg05060/VPU_Design/VPU/RTL/VPU_DECODER.sv" into library xil_defaultlib
INFO: [VRFC 10-311] analyzing module VPU_DECODER
INFO: [VRFC 10-2263] Analyzing SystemVerilog file "/home/sg05060/VPU_Design/VPU/RTL/VPU_EXEC_UNIT.sv" into library xil_defaultlib
INFO: [VRFC 10-311] analyzing module VPU_EXEC_UNIT
INFO: [VRFC 10-2263] Analyzing SystemVerilog file "/home/sg05060/VPU_Design/VPU/RTL/ALU/Float/VPU_FP_ADD_SUB.sv" into library xil_defaultlib
INFO: [VRFC 10-311] analyzing module VPU_FP_ADD_SUB
INFO: [VRFC 10-2263] Analyzing SystemVerilog file "/home/sg05060/VPU_Design/VPU/RTL/ALU/Float/VPU_FP_MAX.sv" into library xil_defaultlib
INFO: [VRFC 10-311] analyzing module VPU_FP_MAX
INFO: [VRFC 10-2263] Analyzing SystemVerilog file "/home/sg05060/VPU_Design/VPU/RTL/ALU/Float/VPU_FP_MUL.sv" into library xil_defaultlib
INFO: [VRFC 10-311] analyzing module VPU_FP_MUL
INFO: [VRFC 10-2263] Analyzing SystemVerilog file "/home/sg05060/VPU_Design/VPU/RTL/VPU_IF.sv" into library xil_defaultlib
INFO: [VRFC 10-2263] Analyzing SystemVerilog file "/home/sg05060/VPU_Design/VPU/RTL/VPU_LANE.sv" into library xil_defaultlib
INFO: [VRFC 10-311] analyzing module VPU_LANE
INFO: [VRFC 10-2263] Analyzing SystemVerilog file "/home/sg05060/VPU_Design/VPU/RTL/VPU_REDUCTION_UNIT.sv" into library xil_defaultlib
INFO: [VRFC 10-311] analyzing module VPU_REDUCTION_UNIT
INFO: [VRFC 10-2263] Analyzing SystemVerilog file "/home/sg05060/VPU_Design/VPU/RTL/VPU_SRC_PORT.sv" into library xil_defaultlib
INFO: [VRFC 10-311] analyzing module VPU_SRC_PORT
INFO: [VRFC 10-2263] Analyzing SystemVerilog file "/home/sg05060/VPU_Design/VPU/RTL/VPU_SRC_PORT_CONTROLLER.sv" into library xil_defaultlib
INFO: [VRFC 10-311] analyzing module VPU_SRC_PORT_CONTROLLER
INFO: [VRFC 10-2263] Analyzing SystemVerilog file "/home/sg05060/VPU_Design/VPU/RTL/VPU_TOP.sv" into library xil_defaultlib
INFO: [VRFC 10-311] analyzing module VPU_TOP
INFO: [VRFC 10-2263] Analyzing SystemVerilog file "/home/sg05060/VPU_Design/VPU/RTL/VPU_WB_UNIT.sv" into library xil_defaultlib
INFO: [VRFC 10-311] analyzing module VPU_WB_UNIT
INFO: [VRFC 10-2263] Analyzing SystemVerilog file "/home/sg05060/VPU_Design/VPU/RTL/ALU/Float/float_break.sv" into library xil_defaultlib
INFO: [VRFC 10-311] analyzing module float_break
INFO: [VRFC 10-2263] Analyzing SystemVerilog file "/home/sg05060/VPU_Design/VPU/RTL/ALU/Float/float_combine.sv" into library xil_defaultlib
INFO: [VRFC 10-311] analyzing module float_combine
INFO: [VRFC 10-2263] Analyzing SystemVerilog file "/home/sg05060/VPU_Design/VPU/RTL/ALU/Float/float_lzc.sv" into library xil_defaultlib
INFO: [VRFC 10-311] analyzing module float_lzc
INFO: [VRFC 10-2263] Analyzing SystemVerilog file "/home/sg05060/VPU_Design/VPU/RTL/ALU/Float/float_native_lzc.sv" into library xil_defaultlib
INFO: [VRFC 10-311] analyzing module float_naive_lzc
INFO: [VRFC 10-2263] Analyzing SystemVerilog file "/home/sg05060/VPU_Design/VPU/RTL/ALU/Float/float_swap.sv" into library xil_defaultlib
INFO: [VRFC 10-311] analyzing module float_swap
INFO: [VRFC 10-2263] Analyzing SystemVerilog file "/home/sg05060/VPU_Design/VPU/SIM2/TB/VPU_TOP_TB.sv" into library xil_defaultlib
INFO: [VRFC 10-311] analyzing module VPU_TOP_TB
WARNING: [VRFC 10-2649] an enum variable may only be assigned the same enum typed variable or one of its values [/home/sg05060/VPU_Design/VPU/SIM2/TB/VPU_TOP_TB.sv:123]
INFO: [VRFC 10-2263] Analyzing Verilog file "/home/sg05060/VPU_Design/VPU/vivado/sim_project/sim.sim/sim_1/behav/xsim/glbl.v" into library xil_defaultlib
INFO: [VRFC 10-311] analyzing module glbl
Waiting for jobs to finish...
No pending jobs, compilation finished.
INFO: [USF-XSim-69] 'compile' step finished in '1' seconds
INFO: [USF-XSim-3] XSim::Elaborate design
INFO: [USF-XSim-61] Executing 'ELABORATE' step in '/home/sg05060/VPU_Design/VPU/vivado/sim_project/sim.sim/sim_1/behav/xsim'
xelab --incr --debug typical --relax --mt 8 -L xil_defaultlib -L uvm -L unisims_ver -L unimacro_ver -L unisims_ver -L secureip --snapshot VPU_TOP_TB_behav xil_defaultlib.VPU_TOP_TB xil_defaultlib.glbl -log elaborate.log -L uvm
Vivado Simulator v2024.1
Copyright 1986-2022 Xilinx, Inc. All Rights Reserved.
Copyright 2022-2024 Advanced Micro Devices, Inc. All Rights Reserved.
Running: /tools/Xilinx/Vivado/2024.1/bin/unwrapped/lnx64.o/xelab --incr --debug typical --relax --mt 8 -L xil_defaultlib -L uvm -L unisims_ver -L unimacro_ver -L unisims_ver -L secureip --snapshot VPU_TOP_TB_behav xil_defaultlib.VPU_TOP_TB xil_defaultlib.glbl -log elaborate.log -L uvm 
Using 8 slave threads.
Starting static elaboration
Pass Through NonSizing Optimizer
WARNING: [VRFC 10-9543] actual bit length 32 differs from formal bit length 3 for port 'count' [/home/sg05060/VPU_Design/VPU/RTL/VPU_DECODER.sv:139]
WARNING: [VRFC 10-2649] an enum variable may only be assigned the same enum typed variable or one of its values [/home/sg05060/VPU_Design/VPU/SIM2/TB/VPU_TOP_TB.sv:123]
Completed static elaboration
Starting simulation data flow analysis
WARNING: [XSIM 43-4100] "/home/sg05060/VPU_Design/VPU/vivado/sim_project/sim.sim/sim_1/behav/xsim/glbl.v" Line 6. Module glbl has a timescale but at least one module in design doesn't have timescale.
WARNING: [XSIM 43-4100] "/home/sg05060/VPU_Design/VPU/vivado/sim_project/sim.sim/sim_1/behav/xsim/glbl.v" Line 6. Module glbl has a timescale but at least one module in design doesn't have timescale.
Completed simulation data flow analysis
Time Resolution for simulation is 1ps
Compiling package xil_defaultlib.VPU_PKG
Compiling module xil_defaultlib.VPU_REQ_IF_default
Compiling module xil_defaultlib.VPU_SRC_PORT_IF_default
Compiling module xil_defaultlib.VPU_DST_PORT_IF_default
Compiling module xil_defaultlib.REQ_IF_default
Compiling module xil_defaultlib.VPU_CNTR(MAX_DELAY_LG2=3)
Compiling module xil_defaultlib.VPU_DECODER_default
Compiling module xil_defaultlib.VPU_CONTROLLER_default
Compiling module xil_defaultlib.float_swap
Compiling module xil_defaultlib.float_break
Compiling module xil_defaultlib.float_naive_lzc(INPUT_WIDTH=1,OU...
Compiling module xil_defaultlib.float_naive_lzc(INPUT_WIDTH=8,OU...
Compiling module xil_defaultlib.float_lzc(INPUT_WIDTH=9,OUTPUT_W...
Compiling module xil_defaultlib.float_naive_lzc(INPUT_WIDTH=1,OU...
Compiling module xil_defaultlib.float_naive_lzc(INPUT_WIDTH=8,OU...
Compiling module xil_defaultlib.float_lzc(INPUT_WIDTH=9,OUTPUT_W...
Compiling module xil_defaultlib.float_combine
Compiling module xil_defaultlib.FP_ADD_SUB
Compiling module xil_defaultlib.VPU_FP_ADD_SUB
Compiling module xil_defaultlib.FP_MUL
Compiling module xil_defaultlib.VPU_FP_MUL
Compiling module xil_defaultlib.VPU_FP_MAX
Compiling module xil_defaultlib.VPU_LANE
Compiling module xil_defaultlib.VPU_REDUCTION_UNIT_default
Compiling module xil_defaultlib.VPU_EXEC_UNIT_default
Compiling module xil_defaultlib.VPU_SRC_PORT_CONTROLLER_default
Compiling module xil_defaultlib.VPU_SRC_PORT_default
Compiling module xil_defaultlib.VPU_WB_UNIT_default
Compiling module xil_defaultlib.VPU_TOP_default
Compiling module xil_defaultlib.VPU_TOP_TB
Compiling module xil_defaultlib.glbl
Built simulation snapshot VPU_TOP_TB_behav
INFO: [USF-XSim-69] 'elaborate' step finished in '3' seconds
INFO: [USF-XSim-4] XSim::Simulate design
INFO: [USF-XSim-61] Executing 'SIMULATE' step in '/home/sg05060/VPU_Design/VPU/vivado/sim_project/sim.sim/sim_1/behav/xsim'
INFO: [USF-XSim-98] *** Running xsim
   with args "VPU_TOP_TB_behav -key {Behavioral:sim_1:Functional:VPU_TOP_TB} -tclbatch {VPU_TOP_TB.tcl} -log {simulate.log}"
INFO: [USF-XSim-8] Loading simulator feature
Time resolution is 1 ps
source VPU_TOP_TB.tcl
## set curr_wave [current_wave_config]
## if { [string length $curr_wave] == 0 } {
##   if { [llength [get_objects]] > 0} {
##     add_wave /
##     set_property needs_save false [current_wave_config]
##   } else {
##      send_msg_id Add_Wave-1 WARNING "No top level signals found. Simulator will start without a wave window. If you want to open a wave window go to 'File->New Waveform Configuration' or type 'create_wave_config' in the TCL console."
##   }
## }
WARNING: Simulation object /VPU_TOP_TB/opcode_queue was not traceable in the design for the following reason:
Vivado Simulator does not support tracing of System Verilog Dynamic Type object.
WARNING: Simulation object /VPU_TOP_TB/tot_rdata_queue was not traceable in the design for the following reason:
Vivado Simulator does not support tracing of System Verilog Dynamic Type object.
WARNING: Simulation object /VPU_TOP_TB/wdata_queue was not traceable in the design for the following reason:
Vivado Simulator does not support tracing of System Verilog Dynamic Type object.
## run 1000ns
ERROR: Could not open vcd file dump.vcd. A VCD file by name dump.vcd has already been opened. Only one VCD file is allowed to be open.
Start Simulation!
  0th opcode :   5
  0th rdata ||
rdata[0][0] : 0x00000003
rdata[0][1] : 0x00000002
rdata[0][2] : 0x00000002
rdata[0][3] : 0x00000002
rdata[0][4] : 0x00000002
rdata[0][5] : 0x00000002
rdata[0][6] : 0x00000000
rdata[0][7] : 0x00000002
rdata[0][8] : 0x00000001
rdata[0][9] : 0x00000004
rdata[0][10] : 0x00000003
rdata[0][11] : 0x00000002
rdata[0][12] : 0x00000004
rdata[0][13] : 0x00000002
rdata[0][14] : 0x00000004
rdata[0][15] : 0x00000001
rdata[0][16] : 0x00000002
rdata[0][17] : 0x00000002
rdata[0][18] : 0x00000000
rdata[0][19] : 0x00000000
rdata[0][20] : 0x00000004
rdata[0][21] : 0x00000004
rdata[0][22] : 0x00000001
rdata[0][23] : 0x00000000
rdata[0][24] : 0x00000003
rdata[0][25] : 0x00000003
rdata[0][26] : 0x00000004
rdata[0][27] : 0x00000003
rdata[0][28] : 0x00000004
rdata[0][29] : 0x00000004
rdata[0][30] : 0x00000003
rdata[0][31] : 0x00000000

rdata[1][0] : 0x00000003
rdata[1][1] : 0x00000001
rdata[1][2] : 0x00000004
rdata[1][3] : 0x00000001
rdata[1][4] : 0x00000002
rdata[1][5] : 0x00000001
rdata[1][6] : 0x00000001
rdata[1][7] : 0x00000003
rdata[1][8] : 0x00000000
rdata[1][9] : 0x00000000
rdata[1][10] : 0x00000003
rdata[1][11] : 0x00000002
rdata[1][12] : 0x00000001
rdata[1][13] : 0x00000004
rdata[1][14] : 0x00000002
rdata[1][15] : 0x00000000
rdata[1][16] : 0x00000001
rdata[1][17] : 0x00000003
rdata[1][18] : 0x00000001
rdata[1][19] : 0x00000000
rdata[1][20] : 0x00000002
rdata[1][21] : 0x00000004
rdata[1][22] : 0x00000000
rdata[1][23] : 0x00000004
rdata[1][24] : 0x00000002
rdata[1][25] : 0x00000001
rdata[1][26] : 0x00000001
rdata[1][27] : 0x00000001
rdata[1][28] : 0x00000004
rdata[1][29] : 0x00000004
rdata[1][30] : 0x00000003
rdata[1][31] : 0x00000000

rdata[2][0] : 0x00000001
rdata[2][1] : 0x00000000
rdata[2][2] : 0x00000001
rdata[2][3] : 0x00000004
rdata[2][4] : 0x00000002
rdata[2][5] : 0x00000001
rdata[2][6] : 0x00000003
rdata[2][7] : 0x00000001
rdata[2][8] : 0x00000004
rdata[2][9] : 0x00000003
rdata[2][10] : 0x00000004
rdata[2][11] : 0x00000000
rdata[2][12] : 0x00000000
rdata[2][13] : 0x00000003
rdata[2][14] : 0x00000003
rdata[2][15] : 0x00000004
rdata[2][16] : 0x00000004
rdata[2][17] : 0x00000002
rdata[2][18] : 0x00000001
rdata[2][19] : 0x00000002
rdata[2][20] : 0x00000001
rdata[2][21] : 0x00000000
rdata[2][22] : 0x00000000
rdata[2][23] : 0x00000004
rdata[2][24] : 0x00000004
rdata[2][25] : 0x00000004
rdata[2][26] : 0x00000001
rdata[2][27] : 0x00000000
rdata[2][28] : 0x00000003
rdata[2][29] : 0x00000002
rdata[2][30] : 0x00000001
rdata[2][31] : 0x00000000

  1th opcode :   5
  1th rdata ||
rdata[0][0] : 0x00000004
rdata[0][1] : 0x00000000
rdata[0][2] : 0x00000003
rdata[0][3] : 0x00000004
rdata[0][4] : 0x00000003
rdata[0][5] : 0x00000003
rdata[0][6] : 0x00000003
rdata[0][7] : 0x00000000
rdata[0][8] : 0x00000002
rdata[0][9] : 0x00000003
rdata[0][10] : 0x00000004
rdata[0][11] : 0x00000001
rdata[0][12] : 0x00000001
rdata[0][13] : 0x00000003
rdata[0][14] : 0x00000000
rdata[0][15] : 0x00000001
rdata[0][16] : 0x00000004
rdata[0][17] : 0x00000002
rdata[0][18] : 0x00000002
rdata[0][19] : 0x00000001
rdata[0][20] : 0x00000001
rdata[0][21] : 0x00000001
rdata[0][22] : 0x00000003
rdata[0][23] : 0x00000004
rdata[0][24] : 0x00000001
rdata[0][25] : 0x00000004
rdata[0][26] : 0x00000001
rdata[0][27] : 0x00000000
rdata[0][28] : 0x00000003
rdata[0][29] : 0x00000000
rdata[0][30] : 0x00000002
rdata[0][31] : 0x00000000

rdata[1][0] : 0x00000003
rdata[1][1] : 0x00000003
rdata[1][2] : 0x00000000
rdata[1][3] : 0x00000004
rdata[1][4] : 0x00000001
rdata[1][5] : 0x00000001
rdata[1][6] : 0x00000004
rdata[1][7] : 0x00000003
rdata[1][8] : 0x00000000
rdata[1][9] : 0x00000001
rdata[1][10] : 0x00000002
rdata[1][11] : 0x00000004
rdata[1][12] : 0x00000004
rdata[1][13] : 0x00000004
rdata[1][14] : 0x00000000
rdata[1][15] : 0x00000003
rdata[1][16] : 0x00000004
rdata[1][17] : 0x00000001
rdata[1][18] : 0x00000001
rdata[1][19] : 0x00000001
rdata[1][20] : 0x00000001
rdata[1][21] : 0x00000002
rdata[1][22] : 0x00000004
rdata[1][23] : 0x00000003
rdata[1][24] : 0x00000000
rdata[1][25] : 0x00000000
rdata[1][26] : 0x00000001
rdata[1][27] : 0x00000003
rdata[1][28] : 0x00000001
rdata[1][29] : 0x00000002
rdata[1][30] : 0x00000002
rdata[1][31] : 0x00000000

rdata[2][0] : 0x00000004
rdata[2][1] : 0x00000001
rdata[2][2] : 0x00000001
rdata[2][3] : 0x00000003
rdata[2][4] : 0x00000001
rdata[2][5] : 0x00000000
rdata[2][6] : 0x00000002
rdata[2][7] : 0x00000001
rdata[2][8] : 0x00000000
rdata[2][9] : 0x00000001
rdata[2][10] : 0x00000004
rdata[2][11] : 0x00000002
rdata[2][12] : 0x00000000
rdata[2][13] : 0x00000000
rdata[2][14] : 0x00000003
rdata[2][15] : 0x00000002
rdata[2][16] : 0x00000004
rdata[2][17] : 0x00000000
rdata[2][18] : 0x00000003
rdata[2][19] : 0x00000002
rdata[2][20] : 0x00000001
rdata[2][21] : 0x00000004
rdata[2][22] : 0x00000000
rdata[2][23] : 0x00000004
rdata[2][24] : 0x00000004
rdata[2][25] : 0x00000003
rdata[2][26] : 0x00000003
rdata[2][27] : 0x00000002
rdata[2][28] : 0x00000001
rdata[2][29] : 0x00000000
rdata[2][30] : 0x00000000
rdata[2][31] : 0x00000000

  2th opcode :   5
  2th rdata ||
rdata[0][0] : 0x00000004
rdata[0][1] : 0x00000000
rdata[0][2] : 0x00000000
rdata[0][3] : 0x00000001
rdata[0][4] : 0x00000001
rdata[0][5] : 0x00000004
rdata[0][6] : 0x00000001
rdata[0][7] : 0x00000004
rdata[0][8] : 0x00000000
rdata[0][9] : 0x00000002
rdata[0][10] : 0x00000001
rdata[0][11] : 0x00000003
rdata[0][12] : 0x00000001
rdata[0][13] : 0x00000003
rdata[0][14] : 0x00000003
rdata[0][15] : 0x00000002
rdata[0][16] : 0x00000003
rdata[0][17] : 0x00000001
rdata[0][18] : 0x00000001
rdata[0][19] : 0x00000002
rdata[0][20] : 0x00000004
rdata[0][21] : 0x00000003
rdata[0][22] : 0x00000004
rdata[0][23] : 0x00000001
rdata[0][24] : 0x00000002
rdata[0][25] : 0x00000002
rdata[0][26] : 0x00000002
rdata[0][27] : 0x00000001
rdata[0][28] : 0x00000002
rdata[0][29] : 0x00000004
rdata[0][30] : 0x00000004
rdata[0][31] : 0x00000000

rdata[1][0] : 0x00000004
rdata[1][1] : 0x00000002
rdata[1][2] : 0x00000002
rdata[1][3] : 0x00000003
rdata[1][4] : 0x00000001
rdata[1][5] : 0x00000003
rdata[1][6] : 0x00000000
rdata[1][7] : 0x00000001
rdata[1][8] : 0x00000002
rdata[1][9] : 0x00000001
rdata[1][10] : 0x00000002
rdata[1][11] : 0x00000000
rdata[1][12] : 0x00000001
rdata[1][13] : 0x00000004
rdata[1][14] : 0x00000004
rdata[1][15] : 0x00000003
rdata[1][16] : 0x00000002
rdata[1][17] : 0x00000001
rdata[1][18] : 0x00000002
rdata[1][19] : 0x00000002
rdata[1][20] : 0x00000002
rdata[1][21] : 0x00000002
rdata[1][22] : 0x00000001
rdata[1][23] : 0x00000003
rdata[1][24] : 0x00000004
rdata[1][25] : 0x00000003
rdata[1][26] : 0x00000000
rdata[1][27] : 0x00000002
rdata[1][28] : 0x00000001
rdata[1][29] : 0x00000002
rdata[1][30] : 0x00000000
rdata[1][31] : 0x00000000

rdata[2][0] : 0x00000001
rdata[2][1] : 0x00000002
rdata[2][2] : 0x00000004
rdata[2][3] : 0x00000000
rdata[2][4] : 0x00000001
rdata[2][5] : 0x00000001
rdata[2][6] : 0x00000000
rdata[2][7] : 0x00000000
rdata[2][8] : 0x00000002
rdata[2][9] : 0x00000003
rdata[2][10] : 0x00000003
rdata[2][11] : 0x00000001
rdata[2][12] : 0x00000004
rdata[2][13] : 0x00000000
rdata[2][14] : 0x00000003
rdata[2][15] : 0x00000002
rdata[2][16] : 0x00000001
rdata[2][17] : 0x00000001
rdata[2][18] : 0x00000000
rdata[2][19] : 0x00000000
rdata[2][20] : 0x00000004
rdata[2][21] : 0x00000000
rdata[2][22] : 0x00000002
rdata[2][23] : 0x00000002
rdata[2][24] : 0x00000001
rdata[2][25] : 0x00000000
rdata[2][26] : 0x00000000
rdata[2][27] : 0x00000003
rdata[2][28] : 0x00000001
rdata[2][29] : 0x00000001
rdata[2][30] : 0x00000000
rdata[2][31] : 0x00000000

  3th opcode :   5
  3th rdata ||
rdata[0][0] : 0x00000004
rdata[0][1] : 0x00000003
rdata[0][2] : 0x00000004
rdata[0][3] : 0x00000001
rdata[0][4] : 0x00000002
rdata[0][5] : 0x00000003
rdata[0][6] : 0x00000002
rdata[0][7] : 0x00000000
rdata[0][8] : 0x00000004
rdata[0][9] : 0x00000001
rdata[0][10] : 0x00000004
rdata[0][11] : 0x00000000
rdata[0][12] : 0x00000001
rdata[0][13] : 0x00000001
rdata[0][14] : 0x00000002
rdata[0][15] : 0x00000003
rdata[0][16] : 0x00000001
rdata[0][17] : 0x00000004
rdata[0][18] : 0x00000000
rdata[0][19] : 0x00000003
rdata[0][20] : 0x00000001
rdata[0][21] : 0x00000004
rdata[0][22] : 0x00000002
rdata[0][23] : 0x00000004
rdata[0][24] : 0x00000001
rdata[0][25] : 0x00000004
rdata[0][26] : 0x00000001
rdata[0][27] : 0x00000003
rdata[0][28] : 0x00000002
rdata[0][29] : 0x00000002
rdata[0][30] : 0x00000004
rdata[0][31] : 0x00000000

rdata[1][0] : 0x00000001
rdata[1][1] : 0x00000002
rdata[1][2] : 0x00000004
rdata[1][3] : 0x00000003
rdata[1][4] : 0x00000003
rdata[1][5] : 0x00000004
rdata[1][6] : 0x00000000
rdata[1][7] : 0x00000001
rdata[1][8] : 0x00000000
rdata[1][9] : 0x00000002
rdata[1][10] : 0x00000002
rdata[1][11] : 0x00000000
rdata[1][12] : 0x00000004
rdata[1][13] : 0x00000003
rdata[1][14] : 0x00000003
rdata[1][15] : 0x00000004
rdata[1][16] : 0x00000000
rdata[1][17] : 0x00000000
rdata[1][18] : 0x00000002
rdata[1][19] : 0x00000000
rdata[1][20] : 0x00000004
rdata[1][21] : 0x00000002
rdata[1][22] : 0x00000004
rdata[1][23] : 0x00000002
rdata[1][24] : 0x00000003
rdata[1][25] : 0x00000002
rdata[1][26] : 0x00000003
rdata[1][27] : 0x00000000
rdata[1][28] : 0x00000001
rdata[1][29] : 0x00000000
rdata[1][30] : 0x00000000
rdata[1][31] : 0x00000000

rdata[2][0] : 0x00000000
rdata[2][1] : 0x00000001
rdata[2][2] : 0x00000004
rdata[2][3] : 0x00000003
rdata[2][4] : 0x00000001
rdata[2][5] : 0x00000002
rdata[2][6] : 0x00000001
rdata[2][7] : 0x00000004
rdata[2][8] : 0x00000004
rdata[2][9] : 0x00000002
rdata[2][10] : 0x00000001
rdata[2][11] : 0x00000004
rdata[2][12] : 0x00000002
rdata[2][13] : 0x00000002
rdata[2][14] : 0x00000001
rdata[2][15] : 0x00000000
rdata[2][16] : 0x00000001
rdata[2][17] : 0x00000004
rdata[2][18] : 0x00000001
rdata[2][19] : 0x00000000
rdata[2][20] : 0x00000003
rdata[2][21] : 0x00000000
rdata[2][22] : 0x00000000
rdata[2][23] : 0x00000004
rdata[2][24] : 0x00000001
rdata[2][25] : 0x00000003
rdata[2][26] : 0x00000004
rdata[2][27] : 0x00000002
rdata[2][28] : 0x00000004
rdata[2][29] : 0x00000004
rdata[2][30] : 0x00000002
rdata[2][31] : 0x00000000

  4th opcode :   5
  4th rdata ||
rdata[0][0] : 0x00000001
rdata[0][1] : 0x00000001
rdata[0][2] : 0x00000003
rdata[0][3] : 0x00000002
rdata[0][4] : 0x00000002
rdata[0][5] : 0x00000001
rdata[0][6] : 0x00000000
rdata[0][7] : 0x00000003
rdata[0][8] : 0x00000000
rdata[0][9] : 0x00000004
rdata[0][10] : 0x00000001
rdata[0][11] : 0x00000000
rdata[0][12] : 0x00000004
rdata[0][13] : 0x00000004
rdata[0][14] : 0x00000002
rdata[0][15] : 0x00000002
rdata[0][16] : 0x00000003
rdata[0][17] : 0x00000002
rdata[0][18] : 0x00000004
rdata[0][19] : 0x00000000
rdata[0][20] : 0x00000001
rdata[0][21] : 0x00000002
rdata[0][22] : 0x00000003
rdata[0][23] : 0x00000003
rdata[0][24] : 0x00000001
rdata[0][25] : 0x00000000
rdata[0][26] : 0x00000003
rdata[0][27] : 0x00000004
rdata[0][28] : 0x00000004
rdata[0][29] : 0x00000004
rdata[0][30] : 0x00000001
rdata[0][31] : 0x00000000

rdata[1][0] : 0x00000004
rdata[1][1] : 0x00000002
rdata[1][2] : 0x00000004
rdata[1][3] : 0x00000002
rdata[1][4] : 0x00000004
rdata[1][5] : 0x00000001
rdata[1][6] : 0x00000000
rdata[1][7] : 0x00000000
rdata[1][8] : 0x00000003
rdata[1][9] : 0x00000000
rdata[1][10] : 0x00000004
rdata[1][11] : 0x00000001
rdata[1][12] : 0x00000001
rdata[1][13] : 0x00000003
rdata[1][14] : 0x00000002
rdata[1][15] : 0x00000001
rdata[1][16] : 0x00000004
rdata[1][17] : 0x00000003
rdata[1][18] : 0x00000002
rdata[1][19] : 0x00000000
rdata[1][20] : 0x00000004
rdata[1][21] : 0x00000003
rdata[1][22] : 0x00000000
rdata[1][23] : 0x00000003
rdata[1][24] : 0x00000002
rdata[1][25] : 0x00000003
rdata[1][26] : 0x00000001
rdata[1][27] : 0x00000002
rdata[1][28] : 0x00000002
rdata[1][29] : 0x00000000
rdata[1][30] : 0x00000004
rdata[1][31] : 0x00000000

rdata[2][0] : 0x00000004
rdata[2][1] : 0x00000001
rdata[2][2] : 0x00000002
rdata[2][3] : 0x00000001
rdata[2][4] : 0x00000001
rdata[2][5] : 0x00000003
rdata[2][6] : 0x00000002
rdata[2][7] : 0x00000003
rdata[2][8] : 0x00000003
rdata[2][9] : 0x00000004
rdata[2][10] : 0x00000002
rdata[2][11] : 0x00000000
rdata[2][12] : 0x00000000
rdata[2][13] : 0x00000000
rdata[2][14] : 0x00000003
rdata[2][15] : 0x00000004
rdata[2][16] : 0x00000002
rdata[2][17] : 0x00000002
rdata[2][18] : 0x00000003
rdata[2][19] : 0x00000004
rdata[2][20] : 0x00000004
rdata[2][21] : 0x00000000
rdata[2][22] : 0x00000004
rdata[2][23] : 0x00000003
rdata[2][24] : 0x00000003
rdata[2][25] : 0x00000003
rdata[2][26] : 0x00000000
rdata[2][27] : 0x00000004
rdata[2][28] : 0x00000004
rdata[2][29] : 0x00000002
rdata[2][30] : 0x00000004
rdata[2][31] : 0x00000000

  5th opcode :   5
  5th rdata ||
rdata[0][0] : 0x00000001
rdata[0][1] : 0x00000003
rdata[0][2] : 0x00000003
rdata[0][3] : 0x00000002
rdata[0][4] : 0x00000002
rdata[0][5] : 0x00000002
rdata[0][6] : 0x00000001
rdata[0][7] : 0x00000000
rdata[0][8] : 0x00000001
rdata[0][9] : 0x00000004
rdata[0][10] : 0x00000001
rdata[0][11] : 0x00000004
rdata[0][12] : 0x00000002
rdata[0][13] : 0x00000001
rdata[0][14] : 0x00000002
rdata[0][15] : 0x00000001
rdata[0][16] : 0x00000002
rdata[0][17] : 0x00000003
rdata[0][18] : 0x00000003
rdata[0][19] : 0x00000004
rdata[0][20] : 0x00000001
rdata[0][21] : 0x00000003
rdata[0][22] : 0x00000001
rdata[0][23] : 0x00000001
rdata[0][24] : 0x00000003
rdata[0][25] : 0x00000003
rdata[0][26] : 0x00000004
rdata[0][27] : 0x00000004
rdata[0][28] : 0x00000002
rdata[0][29] : 0x00000000
rdata[0][30] : 0x00000003
rdata[0][31] : 0x00000000

rdata[1][0] : 0x00000003
rdata[1][1] : 0x00000000
rdata[1][2] : 0x00000000
rdata[1][3] : 0x00000001
rdata[1][4] : 0x00000001
rdata[1][5] : 0x00000003
rdata[1][6] : 0x00000002
rdata[1][7] : 0x00000000
rdata[1][8] : 0x00000001
rdata[1][9] : 0x00000004
rdata[1][10] : 0x00000003
rdata[1][11] : 0x00000004
rdata[1][12] : 0x00000003
rdata[1][13] : 0x00000001
rdata[1][14] : 0x00000001
rdata[1][15] : 0x00000001
rdata[1][16] : 0x00000004
rdata[1][17] : 0x00000002
rdata[1][18] : 0x00000003
rdata[1][19] : 0x00000004
rdata[1][20] : 0x00000001
rdata[1][21] : 0x00000002
rdata[1][22] : 0x00000001
rdata[1][23] : 0x00000002
rdata[1][24] : 0x00000000
rdata[1][25] : 0x00000001
rdata[1][26] : 0x00000004
rdata[1][27] : 0x00000002
rdata[1][28] : 0x00000000
rdata[1][29] : 0x00000000
rdata[1][30] : 0x00000003
rdata[1][31] : 0x00000000

rdata[2][0] : 0x00000004
rdata[2][1] : 0x00000002
rdata[2][2] : 0x00000001
rdata[2][3] : 0x00000001
rdata[2][4] : 0x00000000
rdata[2][5] : 0x00000002
rdata[2][6] : 0x00000004
rdata[2][7] : 0x00000003
rdata[2][8] : 0x00000004
rdata[2][9] : 0x00000004
rdata[2][10] : 0x00000001
rdata[2][11] : 0x00000002
rdata[2][12] : 0x00000000
rdata[2][13] : 0x00000002
rdata[2][14] : 0x00000001
rdata[2][15] : 0x00000003
rdata[2][16] : 0x00000002
rdata[2][17] : 0x00000002
rdata[2][18] : 0x00000004
rdata[2][19] : 0x00000000
rdata[2][20] : 0x00000002
rdata[2][21] : 0x00000002
rdata[2][22] : 0x00000002
rdata[2][23] : 0x00000003
rdata[2][24] : 0x00000000
rdata[2][25] : 0x00000000
rdata[2][26] : 0x00000002
rdata[2][27] : 0x00000002
rdata[2][28] : 0x00000004
rdata[2][29] : 0x00000004
rdata[2][30] : 0x00000003
rdata[2][31] : 0x00000000

  6th opcode :   5
  6th rdata ||
rdata[0][0] : 0x00000000
rdata[0][1] : 0x00000002
rdata[0][2] : 0x00000004
rdata[0][3] : 0x00000001
rdata[0][4] : 0x00000004
rdata[0][5] : 0x00000002
rdata[0][6] : 0x00000000
rdata[0][7] : 0x00000001
rdata[0][8] : 0x00000002
rdata[0][9] : 0x00000003
rdata[0][10] : 0x00000002
rdata[0][11] : 0x00000004
rdata[0][12] : 0x00000004
rdata[0][13] : 0x00000002
rdata[0][14] : 0x00000000
rdata[0][15] : 0x00000000
rdata[0][16] : 0x00000001
rdata[0][17] : 0x00000004
rdata[0][18] : 0x00000004
rdata[0][19] : 0x00000004
rdata[0][20] : 0x00000000
rdata[0][21] : 0x00000000
rdata[0][22] : 0x00000003
rdata[0][23] : 0x00000004
rdata[0][24] : 0x00000004
rdata[0][25] : 0x00000004
rdata[0][26] : 0x00000002
rdata[0][27] : 0x00000004
rdata[0][28] : 0x00000002
rdata[0][29] : 0x00000000
rdata[0][30] : 0x00000000
rdata[0][31] : 0x00000000

rdata[1][0] : 0x00000004
rdata[1][1] : 0x00000000
rdata[1][2] : 0x00000002
rdata[1][3] : 0x00000003
rdata[1][4] : 0x00000001
rdata[1][5] : 0x00000002
rdata[1][6] : 0x00000002
rdata[1][7] : 0x00000004
rdata[1][8] : 0x00000001
rdata[1][9] : 0x00000002
rdata[1][10] : 0x00000001
rdata[1][11] : 0x00000004
rdata[1][12] : 0x00000001
rdata[1][13] : 0x00000001
rdata[1][14] : 0x00000004
rdata[1][15] : 0x00000004
rdata[1][16] : 0x00000000
rdata[1][17] : 0x00000003
rdata[1][18] : 0x00000004
rdata[1][19] : 0x00000001
rdata[1][20] : 0x00000004
rdata[1][21] : 0x00000001
rdata[1][22] : 0x00000003
rdata[1][23] : 0x00000003
rdata[1][24] : 0x00000000
rdata[1][25] : 0x00000000
rdata[1][26] : 0x00000000
rdata[1][27] : 0x00000004
rdata[1][28] : 0x00000002
rdata[1][29] : 0x00000003
rdata[1][30] : 0x00000001
rdata[1][31] : 0x00000000

rdata[2][0] : 0x00000000
rdata[2][1] : 0x00000002
rdata[2][2] : 0x00000000
rdata[2][3] : 0x00000004
rdata[2][4] : 0x00000001
rdata[2][5] : 0x00000000
rdata[2][6] : 0x00000003
rdata[2][7] : 0x00000001
rdata[2][8] : 0x00000000
rdata[2][9] : 0x00000004
rdata[2][10] : 0x00000003
rdata[2][11] : 0x00000001
rdata[2][12] : 0x00000001
rdata[2][13] : 0x00000000
rdata[2][14] : 0x00000003
rdata[2][15] : 0x00000002
rdata[2][16] : 0x00000002
rdata[2][17] : 0x00000004
rdata[2][18] : 0x00000004
rdata[2][19] : 0x00000001
rdata[2][20] : 0x00000004
rdata[2][21] : 0x00000003
rdata[2][22] : 0x00000001
rdata[2][23] : 0x00000004
rdata[2][24] : 0x00000002
rdata[2][25] : 0x00000001
rdata[2][26] : 0x00000003
rdata[2][27] : 0x00000003
rdata[2][28] : 0x00000004
rdata[2][29] : 0x00000004
rdata[2][30] : 0x00000002
rdata[2][31] : 0x00000000

  0th wdata ||
wdata[0][0] : 0x00000007
wdata[0][1] : 0x00000003
wdata[0][2] : 0x00000007
wdata[0][3] : 0x00000007
wdata[0][4] : 0x00000006
wdata[0][5] : 0x00000004
wdata[0][6] : 0x00000004
wdata[0][7] : 0x00000006
wdata[0][8] : 0x00000005
wdata[0][9] : 0x00000007
wdata[0][10] : 0x0000000a
wdata[0][11] : 0x00000004
wdata[0][12] : 0x00000005
wdata[0][13] : 0x00000009
wdata[0][14] : 0x00000009
wdata[0][15] : 0x00000005
wdata[0][16] : 0x00000007
wdata[0][17] : 0x00000007
wdata[0][18] : 0x00000002
wdata[0][19] : 0x00000002
wdata[0][20] : 0x00000007
wdata[0][21] : 0x00000008
wdata[0][22] : 0x00000001
wdata[0][23] : 0x00000008
wdata[0][24] : 0x00000009
wdata[0][25] : 0x00000008
wdata[0][26] : 0x00000006
wdata[0][27] : 0x00000004
wdata[0][28] : 0x0000000b
wdata[0][29] : 0x0000000a
wdata[0][30] : 0x00000007
wdata[0][31] : 0x00000000
  1th wdata ||
INFO: [USF-XSim-96] XSim completed. Design snapshot 'VPU_TOP_TB_behav' loaded.
INFO: [USF-XSim-97] XSim simulation ran for 1000ns
launch_simulation: Time (s): cpu = 00:00:05 ; elapsed = 00:00:07 . Memory (MB): peak = 1515.777 ; gain = 87.953 ; free physical = 19544 ; free virtual = 122077
q
INFO: [Common 17-206] Exiting Vivado at Tue Oct  1 22:56:03 2024...
